<?xml version="1.0" encoding="UTF-8"?>
<!-- Generated by org.testng.reporters.JUnitReportReporter -->
<testsuite hostname="SYS141" name="testcases.testclass" tests="1" failures="0" timestamp="4 Nov 2016 07:00:23 GMT" time="0.019" errors="0">
  <testcase name="mains" time="0.019" classname="testcases.testclass"/>
</testsuite> <!-- testcases.testclass -->
